<?xml version="1.0" encoding="UTF-8"?>
<testsuite name="testSuite.FilesTest" tests="1" skipped="0" failures="0" errors="0" timestamp="2023-11-17T16:48:18" hostname="RAFASEBASSPC" time="10.014">
  <properties/>
  <testcase name="createNewTaskTest()" classname="testSuite.FilesTest" time="10.014"/>
  <system-out><![CDATA[]]></system-out>
  <system-err><![CDATA[]]></system-err>
</testsuite>
